<?xml version="1.0" encoding="UTF-8"?>
<testng-results ignored="0" total="1" passed="1" failed="0" skipped="0">
  <reporter-output>
  </reporter-output>
  <suite started-at="2025-10-22T00:49:35 BDT" name="Default suite" finished-at="2025-10-22T00:49:43 BDT" duration-ms="8027">
    <groups>
    </groups>
    <test started-at="2025-10-22T00:49:35 BDT" name="Default test" finished-at="2025-10-22T00:49:43 BDT" duration-ms="8027">
      <class name="tests.LoginTest">
        <test-method is-config="true" signature="setup()[pri:0, instance:tests.LoginTest@5656be13]" started-at="2025-10-22T00:49:35 BDT" name="setup" finished-at="2025-10-22T00:49:41 BDT" duration-ms="6093" status="PASS">
          <reporter-output>
          </reporter-output>
        </test-method> <!-- setup -->
        <test-method signature="testValidLogin()[pri:0, instance:tests.LoginTest@5656be13]" started-at="2025-10-22T00:49:41 BDT" name="testValidLogin" finished-at="2025-10-22T00:49:43 BDT" duration-ms="1610" status="PASS">
          <reporter-output>
          </reporter-output>
        </test-method> <!-- testValidLogin -->
        <test-method is-config="true" signature="tearDown()[pri:0, instance:tests.LoginTest@5656be13]" started-at="2025-10-22T00:49:43 BDT" name="tearDown" finished-at="2025-10-22T00:49:43 BDT" duration-ms="271" status="PASS">
          <reporter-output>
          </reporter-output>
        </test-method> <!-- tearDown -->
      </class> <!-- tests.LoginTest -->
    </test> <!-- Default test -->
  </suite> <!-- Default suite -->
</testng-results>
