<?xml version="1.0" encoding="UTF-8"?>
<testng-results ignored="0" total="1" passed="1" failed="0" skipped="0">
  <reporter-output>
  </reporter-output>
  <suite started-at="2025-10-21T14:24:41 BDT" name="LoginSuite" finished-at="2025-10-21T14:24:45 BDT" duration-ms="4024">
    <groups>
    </groups>
    <test started-at="2025-10-21T14:24:41 BDT" name="LoginTest" finished-at="2025-10-21T14:24:45 BDT" duration-ms="4024">
      <class name="tests.LoginTest">
        <test-method is-config="true" signature="setup()[pri:0, instance:tests.LoginTest@3023df74]" started-at="2025-10-21T14:24:41 BDT" name="setup" finished-at="2025-10-21T14:24:44 BDT" duration-ms="3007" status="PASS">
          <reporter-output>
          </reporter-output>
        </test-method> <!-- setup -->
        <test-method signature="testValidLogin()[pri:0, instance:tests.LoginTest@3023df74]" started-at="2025-10-21T14:24:44 BDT" name="testValidLogin" finished-at="2025-10-21T14:24:45 BDT" duration-ms="954" status="PASS">
          <reporter-output>
          </reporter-output>
        </test-method> <!-- testValidLogin -->
        <test-method is-config="true" signature="tearDown()[pri:0, instance:tests.LoginTest@3023df74]" started-at="2025-10-21T14:24:45 BDT" name="tearDown" finished-at="2025-10-21T14:24:45 BDT" duration-ms="1" status="PASS">
          <reporter-output>
          </reporter-output>
        </test-method> <!-- tearDown -->
      </class> <!-- tests.LoginTest -->
    </test> <!-- LoginTest -->
  </suite> <!-- LoginSuite -->
</testng-results>
